2019-01-27T09:50:50+00:00 CRITICAL Maximum execution time of 30 seconds exceeded in C:\xampp\htdocs\wp-includes\wp-db.php on line 1924

2019-01-27T09:53:52+00:00 CRITICAL Maximum execution time of 30 seconds exceeded in C:\xampp\htdocs\wp-includes\wp-db.php on line 1924

2019-01-27T09:59:38+00:00 CRITICAL Maximum execution time of 30 seconds exceeded in C:\xampp\htdocs\wp-includes\wp-db.php on line 1924

2019-01-27T12:07:47+00:00 CRITICAL Maximum execution time of 30 seconds exceeded in C:\xampp\htdocs\wp-includes\wp-db.php on line 1924

2019-01-27T12:08:10+00:00 CRITICAL Maximum execution time of 30 seconds exceeded in C:\xampp\htdocs\wp-includes\wp-db.php on line 1924

2019-01-27T12:08:17+00:00 CRITICAL Maximum execution time of 30 seconds exceeded in C:\xampp\htdocs\wp-includes\Requests\Transport\cURL.php on line 437

2019-01-27T12:31:12+00:00 CRITICAL Maximum execution time of 30 seconds exceeded in C:\xampp\htdocs\wp-includes\Requests\Transport\cURL.php on line 163

2019-01-27T13:18:54+00:00 CRITICAL Maximum execution time of 30 seconds exceeded in C:\xampp\htdocs\wp-includes\wp-db.php on line 1924

2019-01-27T13:29:39+00:00 CRITICAL Maximum execution time of 30 seconds exceeded in C:\xampp\htdocs\wp-includes\wp-db.php on line 1924

2019-01-27T13:30:15+00:00 CRITICAL Maximum execution time of 30 seconds exceeded in C:\xampp\htdocs\wp-includes\wp-db.php on line 1924

2019-01-27T13:52:30+00:00 CRITICAL Maximum execution time of 30 seconds exceeded in C:\xampp\htdocs\wp-admin\includes\plugin.php on line 283

2019-01-27T14:07:34+00:00 CRITICAL Maximum execution time of 30 seconds exceeded in C:\xampp\htdocs\wp-includes\Requests\Transport\cURL.php on line 163

2019-01-27T14:57:44+00:00 CRITICAL Maximum execution time of 30 seconds exceeded in C:\xampp\htdocs\wp-includes\Requests\Transport\cURL.php on line 163

2019-01-27T15:26:56+00:00 CRITICAL Maximum execution time of 30 seconds exceeded in C:\xampp\htdocs\wp-includes\functions.php on line 4947

2019-01-27T20:15:08+00:00 CRITICAL Maximum execution time of 30 seconds exceeded in C:\xampp\htdocs\wp-includes\wp-db.php on line 1924

2019-01-27T20:15:22+00:00 CRITICAL Maximum execution time of 30 seconds exceeded in C:\xampp\htdocs\wp-admin\includes\image.php on line 548

2019-01-27T20:16:11+00:00 CRITICAL Maximum execution time of 30 seconds exceeded in C:\xampp\htdocs\wp-includes\wp-db.php on line 1924

2019-01-27T20:16:41+00:00 CRITICAL Maximum execution time of 30 seconds exceeded in C:\xampp\htdocs\wp-includes\wp-db.php on line 1924

2019-01-27T20:17:08+00:00 CRITICAL Maximum execution time of 30 seconds exceeded in C:\xampp\htdocs\wp-includes\wp-db.php on line 1924

2019-01-27T20:18:06+00:00 CRITICAL Maximum execution time of 30 seconds exceeded in C:\xampp\htdocs\wp-includes\wp-db.php on line 1924

2019-01-27T20:18:21+00:00 CRITICAL Maximum execution time of 30 seconds exceeded in C:\xampp\htdocs\wp-includes\wp-db.php on line 1924

2019-01-27T20:18:36+00:00 CRITICAL Maximum execution time of 30 seconds exceeded in C:\xampp\htdocs\wp-includes\wp-db.php on line 1924

2019-01-27T20:19:01+00:00 CRITICAL Maximum execution time of 30 seconds exceeded in C:\xampp\htdocs\wp-includes\wp-db.php on line 1924

2019-01-27T20:20:15+00:00 CRITICAL Maximum execution time of 30 seconds exceeded in C:\xampp\htdocs\wp-includes\wp-db.php on line 1924

2019-01-27T20:20:26+00:00 CRITICAL Maximum execution time of 30 seconds exceeded in C:\xampp\htdocs\wp-includes\wp-db.php on line 1924

2019-01-27T20:20:42+00:00 CRITICAL Maximum execution time of 30 seconds exceeded in C:\xampp\htdocs\wp-includes\wp-db.php on line 1924

2019-01-27T20:21:34+00:00 CRITICAL Maximum execution time of 30 seconds exceeded in C:\xampp\htdocs\wp-includes\wp-db.php on line 1924

2019-01-27T21:04:27+00:00 CRITICAL Maximum execution time of 30 seconds exceeded in C:\xampp\htdocs\wp-includes\wp-db.php on line 1924

2019-01-27T21:04:45+00:00 CRITICAL Maximum execution time of 30 seconds exceeded in C:\xampp\htdocs\wp-admin\includes\class-wp-screen.php on line 15

2019-01-27T21:08:31+00:00 CRITICAL Maximum execution time of 30 seconds exceeded in C:\xampp\htdocs\wp-includes\wp-db.php on line 1924

2019-01-27T23:21:44+00:00 CRITICAL Maximum execution time of 30 seconds exceeded in C:\xampp\htdocs\wp-includes\class-wp-image-editor.php on line 402

2019-01-27T23:22:11+00:00 CRITICAL Maximum execution time of 30 seconds exceeded in C:\xampp\htdocs\wp-includes\wp-db.php on line 1924

